<?xml version="1.0" encoding="UTF-8"?>
<!-- Generated by org.testng.reporters.JUnitReportReporter -->
<testsuite hostname="DESKTOP-6P2638K" failures="0" tests="13" name="petstore.tests.PetModuleTests" time="22.677" errors="0" timestamp="2024-01-21T14:20:52 IST" skipped="0">
  <testcase classname="petstore.tests.PetModuleTests" name="addPet" time="1.621"/>
  <system-out/>
  <testcase classname="petstore.tests.PetModuleTests" name="addPet" time="1.580"/>
  <system-out/>
  <testcase classname="petstore.tests.PetModuleTests" name="fetchingPetWithPetId" time="1.585"/>
  <system-out/>
  <testcase classname="petstore.tests.PetModuleTests" name="fetchingPetWithPetId" time="1.429"/>
  <system-out/>
  <testcase classname="petstore.tests.PetModuleTests" name="fetchingPetWithStatus" time="1.997"/>
  <system-out/>
  <testcase classname="petstore.tests.PetModuleTests" name="updatingPet" time="1.533"/>
  <system-out/>
  <testcase classname="petstore.tests.PetModuleTests" name="updatingPet" time="1.554"/>
  <system-out/>
  <testcase classname="petstore.tests.PetModuleTests" name="updatingPetFormData" time="1.659"/>
  <system-out/>
  <testcase classname="petstore.tests.PetModuleTests" name="updatingPetFormData" time="1.602"/>
  <system-out/>
  <testcase classname="petstore.tests.PetModuleTests" name="uploadingPetImage" time="2.150"/>
  <system-out/>
  <testcase classname="petstore.tests.PetModuleTests" name="uploadingPetImage" time="2.669"/>
  <system-out/>
  <testcase classname="petstore.tests.PetModuleTests" name="deletingPet" time="1.604"/>
  <system-out/>
  <testcase classname="petstore.tests.PetModuleTests" name="deletingPet" time="1.694"/>
  <system-out/>
</testsuite> <!-- petstore.tests.PetModuleTests -->
