<?xml version="1.0" encoding="UTF-8"?>
<!-- Generated by org.testng.reporters.JUnitReportReporter -->
<testsuite hostname="DESKTOP-6P2638K" failures="0" tests="7" name="petstore.tests.StoreModuleTests" time="11.349" errors="0" timestamp="2024-01-21T14:20:52 IST" skipped="0">
  <testcase classname="petstore.tests.StoreModuleTests" name="placeOrder" time="1.566"/>
  <system-out/>
  <testcase classname="petstore.tests.StoreModuleTests" name="placeOrder" time="1.750"/>
  <system-out/>
  <testcase classname="petstore.tests.StoreModuleTests" name="fetchingOrderwithOrderID" time="1.568"/>
  <system-out/>
  <testcase classname="petstore.tests.StoreModuleTests" name="fetchingOrderwithOrderID" time="1.623"/>
  <system-out/>
  <testcase classname="petstore.tests.StoreModuleTests" name="deletingOrderwithOrderID" time="1.632"/>
  <system-out/>
  <testcase classname="petstore.tests.StoreModuleTests" name="deletingOrderwithOrderID" time="1.527"/>
  <system-out/>
  <testcase classname="petstore.tests.StoreModuleTests" name="petInventory" time="1.683"/>
  <system-out/>
</testsuite> <!-- petstore.tests.StoreModuleTests -->
