<?xml version="1.0" encoding="UTF-8"?>
<!-- Generated by org.testng.reporters.JUnitReportReporter -->
<testsuite hostname="DESKTOP-6P2638K" failures="0" tests="8" name="petstore.tests.UserModuleTests" time="20.107" errors="0" timestamp="2024-01-21T14:20:52 IST" skipped="0">
  <testcase classname="petstore.tests.UserModuleTests" name="creatingUser" time="4.787"/>
  <system-out/>
  <testcase classname="petstore.tests.UserModuleTests" name="creatingUser" time="1.651"/>
  <system-out/>
  <testcase classname="petstore.tests.UserModuleTests" name="fetchingUserwithUsername" time="1.954"/>
  <system-out/>
  <testcase classname="petstore.tests.UserModuleTests" name="fetchingUserwithUsername" time="1.607"/>
  <system-out/>
  <testcase classname="petstore.tests.UserModuleTests" name="updatingUserwithUsername" time="3.268"/>
  <system-out/>
  <testcase classname="petstore.tests.UserModuleTests" name="updatingUserwithUsername" time="3.515"/>
  <system-out/>
  <testcase classname="petstore.tests.UserModuleTests" name="deletingUserwithUsername" time="1.580"/>
  <system-out/>
  <testcase classname="petstore.tests.UserModuleTests" name="deletingUserwithUsername" time="1.745"/>
  <system-out/>
</testsuite> <!-- petstore.tests.UserModuleTests -->
